
INFO - User admin logged out.
ERROR - User &lt;script&gt;alert(1)&lt;/script&gt; failed to login! Username doesn't exist.
INFO - User with admin username successfully logged in with password admin password.
INFO - User requested: guide1.txt
INFO - User opened: guide1.txt
INFO - User requested: ../../../../../../etc/passwd
INFO - User opened: ../../../../../../etc/passwd
INFO - User requested: ../../../../../../etc/passwd&lt;script&gt;
ERROR - User failed open: ../../../../../../etc/passwd&lt;script&gt;. File not found.
INFO - User requested: guide1.txt
INFO - User opened: guide1.txt
INFO - User requested: guide2.txt
INFO - User opened: guide2.txt
INFO - User with admin username successfully logged in with password admin password.
ERROR - User entered an invalid email.
INFO - User admin succesfully updated user with username admin.
ERROR - Failed to view user with username.
Exception: 'User' object has no attribute 'user'
INFO - User admin succesfully updated user with username admin.
INFO - User admin logged out.
INFO - User with admin username successfully logged in with password admin password.
INFO - User admin logged out.
INFO - User with admin username successfully logged in with password admin password.
INFO - User with username admin added amount of 1 of Coffee Portafilter into the cart.
INFO - User with username admin removed a product Coffee Portafilter from the cart.
INFO - User admin logged out.
